<?xml version="1.0" encoding="UTF-8"?>
<!-- Generated by org.testng.reporters.JUnitXMLReporter -->
<testsuite hostname="DESKTOP-VCU6G2J" ignored="6" name="Default test" tests="1" failures="0" timestamp="2022-10-01T01:24:39 EDT" time="0.111" errors="0">
  <testcase name="@BeforeMethod SetUp" time="-1.664601879663E9" classname="com.firebase.test.base.BaseTest">
    <failure type="org.testng.TestNGException" message="
Can inject only one of &amp;lt;ITestContext, XmlTest, Method, Object[], ITestResult&amp;gt; into a @BeforeMethod annotated SetUp.
For more information on native dependency injection please refer to https://testng.org/doc/documentation-main.html#native-dependency-injection">
      <![CDATA[org.testng.TestNGException: 
Can inject only one of <ITestContext, XmlTest, Method, Object[], ITestResult> into a @BeforeMethod annotated SetUp.
For more information on native dependency injection please refer to https://testng.org/doc/documentation-main.html#native-dependency-injection
at org.testng.internal.Parameters.checkParameterTypes(Parameters.java:437)
at org.testng.internal.Parameters.createParametersForMethod(Parameters.java:351)
at org.testng.internal.Parameters.createParameters(Parameters.java:708)
at org.testng.internal.Parameters.createConfigurationParameters(Parameters.java:166)
at org.testng.internal.ConfigInvoker.invokeConfigurations(ConfigInvoker.java:301)
at org.testng.internal.TestInvoker.runConfigMethods(TestInvoker.java:701)
at org.testng.internal.TestInvoker.invokeMethod(TestInvoker.java:527)
at org.testng.internal.TestInvoker.invokeTestMethod(TestInvoker.java:174)
at org.testng.internal.MethodRunner.runInSequence(MethodRunner.java:46)
at org.testng.internal.TestInvoker$MethodInvocationAgent.invoke(TestInvoker.java:822)
at org.testng.internal.TestInvoker.invokeTestMethods(TestInvoker.java:147)
at org.testng.internal.TestMethodWorker.invokeTestMethods(TestMethodWorker.java:146)
at org.testng.internal.TestMethodWorker.run(TestMethodWorker.java:128)
at java.util.ArrayList.forEach(Unknown Source)
at org.testng.TestRunner.privateRun(TestRunner.java:764)
at org.testng.TestRunner.run(TestRunner.java:585)
at org.testng.SuiteRunner.runTest(SuiteRunner.java:384)
at org.testng.SuiteRunner.runSequentially(SuiteRunner.java:378)
at org.testng.SuiteRunner.privateRun(SuiteRunner.java:337)
at org.testng.SuiteRunner.run(SuiteRunner.java:286)
at org.testng.SuiteRunnerWorker.runSuite(SuiteRunnerWorker.java:53)
at org.testng.SuiteRunnerWorker.run(SuiteRunnerWorker.java:96)
at org.testng.TestNG.runSuitesSequentially(TestNG.java:1218)
at org.testng.TestNG.runSuitesLocally(TestNG.java:1140)
at org.testng.TestNG.runSuites(TestNG.java:1069)
at org.testng.TestNG.run(TestNG.java:1037)
at org.testng.remote.AbstractRemoteTestNG.run(AbstractRemoteTestNG.java:115)
at org.testng.remote.RemoteTestNG.initAndRun(RemoteTestNG.java:251)
at org.testng.remote.RemoteTestNG.main(RemoteTestNG.java:77)
]]>
    </failure>
  </testcase> <!-- @BeforeMethod SetUp -->
  <testcase name="@AfterMethod tearDown" time="-1.664601879671E9" classname="com.firebase.test.base.BaseTest">
    <skipped/>
  </testcase> <!-- @AfterMethod tearDown -->
  <testcase name="ValidCredentials" time="0.0" classname="com.firebase.test.tests.AutomationScripts">
    <skipped/>
  </testcase> <!-- ValidCredentials -->
  <testcase name="ForgetPassword" time="0.0" classname="com.firebase.test.tests.AutomationScripts">
    <ignored/>
  </testcase> <!-- ForgetPassword -->
  <testcase name="RememberMeCheckBox" time="0.0" classname="com.firebase.test.tests.AutomationScripts">
    <ignored/>
  </testcase> <!-- RememberMeCheckBox -->
  <testcase name="TC05SelectUserMenu" time="0.0" classname="com.firebase.test.tests.AutomationScripts">
    <ignored/>
  </testcase> <!-- TC05SelectUserMenu -->
  <testcase name="TC08DeveloperConsole" time="0.0" classname="com.firebase.test.tests.AutomationScripts">
    <ignored/>
  </testcase> <!-- TC08DeveloperConsole -->
  <testcase name="InvalidCredentials" time="0.0" classname="com.firebase.test.tests.AutomationScripts">
    <ignored/>
  </testcase> <!-- InvalidCredentials -->
  <testcase name="WithoutPassword" time="0.0" classname="com.firebase.test.tests.AutomationScripts">
    <ignored/>
  </testcase> <!-- WithoutPassword -->
</testsuite> <!-- Default test -->
