<?xml version="1.0" encoding="UTF-8"?>
<!-- Generated by org.testng.reporters.JUnitXMLReporter -->
<testsuite hostname="DESKTOP-VCU6G2J" ignored="0" name="Regression(failed)(failed)" tests="7" failures="0" timestamp="2022-10-02T22:12:39 EDT" time="0.133" errors="0">
  <testcase name="@BeforeMethod SetUp" time="-1.664763159779E9" classname="com.firebase.test.base.BaseTest">
    <failure type="org.testng.TestNGException" message="
Can inject only one of &amp;lt;ITestContext, XmlTest, Method, Object[], ITestResult&amp;gt; into a @BeforeMethod annotated SetUp.
For more information on native dependency injection please refer to https://testng.org/doc/documentation-main.html#native-dependency-injection">
      <![CDATA[org.testng.TestNGException: 
Can inject only one of <ITestContext, XmlTest, Method, Object[], ITestResult> into a @BeforeMethod annotated SetUp.
For more information on native dependency injection please refer to https://testng.org/doc/documentation-main.html#native-dependency-injection
at java.util.ArrayList.forEach(Unknown Source)
... Removed 28 stack frames]]>
    </failure>
  </testcase> <!-- @BeforeMethod SetUp -->
  <testcase name="@AfterMethod tearDown" time="-1.664763159788E9" classname="com.firebase.test.base.BaseTest">
    <skipped/>
  </testcase> <!-- @AfterMethod tearDown -->
  <testcase name="@BeforeMethod SetUp" time="-1.664763159789E9" classname="com.firebase.test.base.BaseTest">
    <skipped/>
  </testcase> <!-- @BeforeMethod SetUp -->
  <testcase name="@AfterMethod tearDown" time="-1.664763159791E9" classname="com.firebase.test.base.BaseTest">
    <skipped/>
  </testcase> <!-- @AfterMethod tearDown -->
  <testcase name="@BeforeMethod SetUp" time="-1.664763159792E9" classname="com.firebase.test.base.BaseTest">
    <skipped/>
  </testcase> <!-- @BeforeMethod SetUp -->
  <testcase name="@AfterMethod tearDown" time="-1.664763159794E9" classname="com.firebase.test.base.BaseTest">
    <skipped/>
  </testcase> <!-- @AfterMethod tearDown -->
  <testcase name="@BeforeMethod SetUp" time="-1.664763159796E9" classname="com.firebase.test.base.BaseTest">
    <skipped/>
  </testcase> <!-- @BeforeMethod SetUp -->
  <testcase name="@AfterMethod tearDown" time="-1.664763159798E9" classname="com.firebase.test.base.BaseTest">
    <skipped/>
  </testcase> <!-- @AfterMethod tearDown -->
  <testcase name="@BeforeMethod SetUp" time="-1.664763159799E9" classname="com.firebase.test.base.BaseTest">
    <skipped/>
  </testcase> <!-- @BeforeMethod SetUp -->
  <testcase name="@AfterMethod tearDown" time="-1.664763159802E9" classname="com.firebase.test.base.BaseTest">
    <skipped/>
  </testcase> <!-- @AfterMethod tearDown -->
  <testcase name="@BeforeMethod SetUp" time="-1.664763159803E9" classname="com.firebase.test.base.BaseTest">
    <skipped/>
  </testcase> <!-- @BeforeMethod SetUp -->
  <testcase name="@AfterMethod tearDown" time="-1.664763159806E9" classname="com.firebase.test.base.BaseTest">
    <skipped/>
  </testcase> <!-- @AfterMethod tearDown -->
  <testcase name="@BeforeMethod SetUp" time="-1.664763159807E9" classname="com.firebase.test.base.BaseTest">
    <skipped/>
  </testcase> <!-- @BeforeMethod SetUp -->
  <testcase name="@AfterMethod tearDown" time="-1.664763159809E9" classname="com.firebase.test.base.BaseTest">
    <skipped/>
  </testcase> <!-- @AfterMethod tearDown -->
  <testcase name="ForgetPassword" time="0.0" classname="com.firebase.test.tests.AutomationScripts">
    <skipped/>
  </testcase> <!-- ForgetPassword -->
  <testcase name="ValidCredentials" time="0.0" classname="com.firebase.test.tests.AutomationScripts">
    <skipped/>
  </testcase> <!-- ValidCredentials -->
  <testcase name="RememberMeCheckBox" time="0.0" classname="com.firebase.test.tests.AutomationScripts">
    <skipped/>
  </testcase> <!-- RememberMeCheckBox -->
  <testcase name="TC05SelectUserMenu" time="0.0" classname="com.firebase.test.tests.AutomationScripts">
    <skipped/>
  </testcase> <!-- TC05SelectUserMenu -->
  <testcase name="InvalidCredentials" time="0.0" classname="com.firebase.test.tests.AutomationScripts">
    <skipped/>
  </testcase> <!-- InvalidCredentials -->
  <testcase name="TC08DeveloperConsole" time="0.0" classname="com.firebase.test.tests.AutomationScripts">
    <skipped/>
  </testcase> <!-- TC08DeveloperConsole -->
  <testcase name="WithoutPassword" time="0.0" classname="com.firebase.test.tests.AutomationScripts">
    <skipped/>
  </testcase> <!-- WithoutPassword -->
</testsuite> <!-- Regression(failed)(failed) -->
