<?xml version="1.0" encoding="UTF-8"?>
<!-- Generated by org.testng.reporters.JUnitXMLReporter -->
<testsuite hostname="DESKTOP-VCU6G2J" ignored="0" name="Regression" tests="7" failures="0" timestamp="2022-10-02T22:06:59 EDT" time="0.147" errors="0">
  <testcase name="@BeforeMethod SetUp" time="-1.664762819553E9" classname="com.firebase.test.base.BaseTest">
    <failure type="org.testng.TestNGException" message="
Can inject only one of &amp;lt;ITestContext, XmlTest, Method, Object[], ITestResult&amp;gt; into a @BeforeMethod annotated SetUp.
For more information on native dependency injection please refer to https://testng.org/doc/documentation-main.html#native-dependency-injection">
      <![CDATA[org.testng.TestNGException: 
Can inject only one of <ITestContext, XmlTest, Method, Object[], ITestResult> into a @BeforeMethod annotated SetUp.
For more information on native dependency injection please refer to https://testng.org/doc/documentation-main.html#native-dependency-injection
at java.util.ArrayList.forEach(Unknown Source)
... Removed 28 stack frames]]>
    </failure>
  </testcase> <!-- @BeforeMethod SetUp -->
  <testcase name="@AfterMethod tearDown" time="-1.664762819561E9" classname="com.firebase.test.base.BaseTest">
    <skipped/>
  </testcase> <!-- @AfterMethod tearDown -->
  <testcase name="@BeforeMethod SetUp" time="-1.664762819562E9" classname="com.firebase.test.base.BaseTest">
    <skipped/>
  </testcase> <!-- @BeforeMethod SetUp -->
  <testcase name="@AfterMethod tearDown" time="-1.664762819565E9" classname="com.firebase.test.base.BaseTest">
    <skipped/>
  </testcase> <!-- @AfterMethod tearDown -->
  <testcase name="@BeforeMethod SetUp" time="-1.664762819566E9" classname="com.firebase.test.base.BaseTest">
    <skipped/>
  </testcase> <!-- @BeforeMethod SetUp -->
  <testcase name="@AfterMethod tearDown" time="-1.66476281957E9" classname="com.firebase.test.base.BaseTest">
    <skipped/>
  </testcase> <!-- @AfterMethod tearDown -->
  <testcase name="@BeforeMethod SetUp" time="-1.664762819571E9" classname="com.firebase.test.base.BaseTest">
    <skipped/>
  </testcase> <!-- @BeforeMethod SetUp -->
  <testcase name="@AfterMethod tearDown" time="-1.664762819575E9" classname="com.firebase.test.base.BaseTest">
    <skipped/>
  </testcase> <!-- @AfterMethod tearDown -->
  <testcase name="@BeforeMethod SetUp" time="-1.664762819576E9" classname="com.firebase.test.base.BaseTest">
    <skipped/>
  </testcase> <!-- @BeforeMethod SetUp -->
  <testcase name="@AfterMethod tearDown" time="-1.664762819579E9" classname="com.firebase.test.base.BaseTest">
    <skipped/>
  </testcase> <!-- @AfterMethod tearDown -->
  <testcase name="@BeforeMethod SetUp" time="-1.66476281958E9" classname="com.firebase.test.base.BaseTest">
    <skipped/>
  </testcase> <!-- @BeforeMethod SetUp -->
  <testcase name="@AfterMethod tearDown" time="-1.664762819583E9" classname="com.firebase.test.base.BaseTest">
    <skipped/>
  </testcase> <!-- @AfterMethod tearDown -->
  <testcase name="@BeforeMethod SetUp" time="-1.664762819584E9" classname="com.firebase.test.base.BaseTest">
    <skipped/>
  </testcase> <!-- @BeforeMethod SetUp -->
  <testcase name="@AfterMethod tearDown" time="-1.664762819587E9" classname="com.firebase.test.base.BaseTest">
    <skipped/>
  </testcase> <!-- @AfterMethod tearDown -->
  <testcase name="ForgetPassword" time="0.0" classname="com.firebase.test.tests.AutomationScripts">
    <skipped/>
  </testcase> <!-- ForgetPassword -->
  <testcase name="InvalidCredentials" time="0.0" classname="com.firebase.test.tests.AutomationScripts">
    <skipped/>
  </testcase> <!-- InvalidCredentials -->
  <testcase name="RememberMeCheckBox" time="0.0" classname="com.firebase.test.tests.AutomationScripts">
    <skipped/>
  </testcase> <!-- RememberMeCheckBox -->
  <testcase name="TC05SelectUserMenu" time="0.0" classname="com.firebase.test.tests.AutomationScripts">
    <skipped/>
  </testcase> <!-- TC05SelectUserMenu -->
  <testcase name="TC08DeveloperConsole" time="0.0" classname="com.firebase.test.tests.AutomationScripts">
    <skipped/>
  </testcase> <!-- TC08DeveloperConsole -->
  <testcase name="ValidCredentials" time="0.0" classname="com.firebase.test.tests.AutomationScripts">
    <skipped/>
  </testcase> <!-- ValidCredentials -->
  <testcase name="WithoutPassword" time="0.0" classname="com.firebase.test.tests.AutomationScripts">
    <skipped/>
  </testcase> <!-- WithoutPassword -->
</testsuite> <!-- Regression -->
