<?xml version="1.0" encoding="UTF-8"?>
<!-- Generated by org.testng.reporters.JUnitXMLReporter -->
<testsuite hostname="DESKTOP-VCU6G2J" ignored="0" name="Regression(failed)" tests="7" failures="0" timestamp="2022-10-02T22:12:36 EDT" time="0.129" errors="0">
  <testcase name="@BeforeMethod SetUp" time="-1.664763156693E9" classname="com.firebase.test.base.BaseTest">
    <failure type="org.testng.TestNGException" message="
Can inject only one of &amp;lt;ITestContext, XmlTest, Method, Object[], ITestResult&amp;gt; into a @BeforeMethod annotated SetUp.
For more information on native dependency injection please refer to https://testng.org/doc/documentation-main.html#native-dependency-injection">
      <![CDATA[org.testng.TestNGException: 
Can inject only one of <ITestContext, XmlTest, Method, Object[], ITestResult> into a @BeforeMethod annotated SetUp.
For more information on native dependency injection please refer to https://testng.org/doc/documentation-main.html#native-dependency-injection
at java.util.ArrayList.forEach(Unknown Source)
... Removed 28 stack frames]]>
    </failure>
  </testcase> <!-- @BeforeMethod SetUp -->
  <testcase name="@AfterMethod tearDown" time="-1.664763156702E9" classname="com.firebase.test.base.BaseTest">
    <skipped/>
  </testcase> <!-- @AfterMethod tearDown -->
  <testcase name="@BeforeMethod SetUp" time="-1.664763156704E9" classname="com.firebase.test.base.BaseTest">
    <skipped/>
  </testcase> <!-- @BeforeMethod SetUp -->
  <testcase name="@AfterMethod tearDown" time="-1.664763156706E9" classname="com.firebase.test.base.BaseTest">
    <skipped/>
  </testcase> <!-- @AfterMethod tearDown -->
  <testcase name="@BeforeMethod SetUp" time="-1.664763156707E9" classname="com.firebase.test.base.BaseTest">
    <skipped/>
  </testcase> <!-- @BeforeMethod SetUp -->
  <testcase name="@AfterMethod tearDown" time="-1.66476315671E9" classname="com.firebase.test.base.BaseTest">
    <skipped/>
  </testcase> <!-- @AfterMethod tearDown -->
  <testcase name="@BeforeMethod SetUp" time="-1.664763156711E9" classname="com.firebase.test.base.BaseTest">
    <skipped/>
  </testcase> <!-- @BeforeMethod SetUp -->
  <testcase name="@AfterMethod tearDown" time="-1.664763156713E9" classname="com.firebase.test.base.BaseTest">
    <skipped/>
  </testcase> <!-- @AfterMethod tearDown -->
  <testcase name="@BeforeMethod SetUp" time="-1.664763156714E9" classname="com.firebase.test.base.BaseTest">
    <skipped/>
  </testcase> <!-- @BeforeMethod SetUp -->
  <testcase name="@AfterMethod tearDown" time="-1.664763156716E9" classname="com.firebase.test.base.BaseTest">
    <skipped/>
  </testcase> <!-- @AfterMethod tearDown -->
  <testcase name="@BeforeMethod SetUp" time="-1.664763156718E9" classname="com.firebase.test.base.BaseTest">
    <skipped/>
  </testcase> <!-- @BeforeMethod SetUp -->
  <testcase name="@AfterMethod tearDown" time="-1.66476315672E9" classname="com.firebase.test.base.BaseTest">
    <skipped/>
  </testcase> <!-- @AfterMethod tearDown -->
  <testcase name="@BeforeMethod SetUp" time="-1.66476315672E9" classname="com.firebase.test.base.BaseTest">
    <skipped/>
  </testcase> <!-- @BeforeMethod SetUp -->
  <testcase name="@AfterMethod tearDown" time="-1.664763156722E9" classname="com.firebase.test.base.BaseTest">
    <skipped/>
  </testcase> <!-- @AfterMethod tearDown -->
  <testcase name="ForgetPassword" time="0.0" classname="com.firebase.test.tests.AutomationScripts">
    <skipped/>
  </testcase> <!-- ForgetPassword -->
  <testcase name="ValidCredentials" time="0.0" classname="com.firebase.test.tests.AutomationScripts">
    <skipped/>
  </testcase> <!-- ValidCredentials -->
  <testcase name="RememberMeCheckBox" time="0.0" classname="com.firebase.test.tests.AutomationScripts">
    <skipped/>
  </testcase> <!-- RememberMeCheckBox -->
  <testcase name="TC05SelectUserMenu" time="0.0" classname="com.firebase.test.tests.AutomationScripts">
    <skipped/>
  </testcase> <!-- TC05SelectUserMenu -->
  <testcase name="InvalidCredentials" time="0.0" classname="com.firebase.test.tests.AutomationScripts">
    <skipped/>
  </testcase> <!-- InvalidCredentials -->
  <testcase name="TC08DeveloperConsole" time="0.0" classname="com.firebase.test.tests.AutomationScripts">
    <skipped/>
  </testcase> <!-- TC08DeveloperConsole -->
  <testcase name="WithoutPassword" time="0.0" classname="com.firebase.test.tests.AutomationScripts">
    <skipped/>
  </testcase> <!-- WithoutPassword -->
</testsuite> <!-- Regression(failed) -->
