<?xml version="1.0" encoding="UTF-8"?>
<!-- Generated by org.testng.reporters.JUnitReportReporter -->
<testsuite skipped="7" hostname="DESKTOP-VCU6G2J" name="com.firebase.test.tests.AutomationScripts" tests="8" failures="0" timestamp="2022-10-02T22:12:39 EDT" time="-1664763136.000" errors="1">
  <testcase name="ForgetPassword" time="0.000" classname="com.firebase.test.tests.AutomationScripts">
    <skipped/>
  </testcase> <!-- ForgetPassword -->
  <system-out/>
  <testcase name="ValidCredentials" time="0.000" classname="com.firebase.test.tests.AutomationScripts">
    <skipped/>
  </testcase> <!-- ValidCredentials -->
  <system-out/>
  <testcase name="WithoutPassword" time="0.000" classname="com.firebase.test.tests.AutomationScripts">
    <skipped/>
  </testcase> <!-- WithoutPassword -->
  <system-out/>
  <testcase name="RememberMeCheckBox" time="0.000" classname="com.firebase.test.tests.AutomationScripts">
    <skipped/>
  </testcase> <!-- RememberMeCheckBox -->
  <system-out/>
  <testcase name="TC05SelectUserMenu" time="0.000" classname="com.firebase.test.tests.AutomationScripts">
    <skipped/>
  </testcase> <!-- TC05SelectUserMenu -->
  <system-out/>
  <testcase name="TC08DeveloperConsole" time="0.000" classname="com.firebase.test.tests.AutomationScripts">
    <skipped/>
  </testcase> <!-- TC08DeveloperConsole -->
  <system-out/>
  <testcase name="SetUp" time="-1664763136.000" classname="com.firebase.test.tests.AutomationScripts">
    <error type="org.testng.TestNGException" message="
Can inject only one of &lt;ITestContext, XmlTest, Method, Object[], ITestResult&gt; into a @BeforeMethod annotated SetUp.
For more information on native dependency injection please refer to https://testng.org/doc/documentation-main.html#native-dependency-injection">
      <![CDATA[org.testng.TestNGException: 
Can inject only one of <ITestContext, XmlTest, Method, Object[], ITestResult> into a @BeforeMethod annotated SetUp.
For more information on native dependency injection please refer to https://testng.org/doc/documentation-main.html#native-dependency-injection
at org.testng.internal.Parameters.checkParameterTypes(Parameters.java:437)
at org.testng.internal.Parameters.createParametersForMethod(Parameters.java:351)
at org.testng.internal.Parameters.createParameters(Parameters.java:708)
at org.testng.internal.Parameters.createConfigurationParameters(Parameters.java:166)
at org.testng.internal.ConfigInvoker.invokeConfigurations(ConfigInvoker.java:301)
at org.testng.internal.TestInvoker.runConfigMethods(TestInvoker.java:701)
at org.testng.internal.TestInvoker.invokeMethod(TestInvoker.java:527)
at org.testng.internal.TestInvoker.invokeTestMethod(TestInvoker.java:174)
at org.testng.internal.MethodRunner.runInSequence(MethodRunner.java:46)
at org.testng.internal.TestInvoker$MethodInvocationAgent.invoke(TestInvoker.java:822)
at org.testng.internal.TestInvoker.invokeTestMethods(TestInvoker.java:147)
at org.testng.internal.TestMethodWorker.invokeTestMethods(TestMethodWorker.java:146)
at org.testng.internal.TestMethodWorker.run(TestMethodWorker.java:128)
at java.util.ArrayList.forEach(Unknown Source)
at org.testng.TestRunner.privateRun(TestRunner.java:764)
at org.testng.TestRunner.run(TestRunner.java:585)
at org.testng.SuiteRunner.runTest(SuiteRunner.java:384)
at org.testng.SuiteRunner.runSequentially(SuiteRunner.java:378)
at org.testng.SuiteRunner.privateRun(SuiteRunner.java:337)
at org.testng.SuiteRunner.run(SuiteRunner.java:286)
at org.testng.SuiteRunnerWorker.runSuite(SuiteRunnerWorker.java:53)
at org.testng.SuiteRunnerWorker.run(SuiteRunnerWorker.java:96)
at org.testng.TestNG.runSuitesSequentially(TestNG.java:1218)
at org.testng.TestNG.runSuitesLocally(TestNG.java:1140)
at org.testng.TestNG.runSuites(TestNG.java:1069)
at org.testng.TestNG.run(TestNG.java:1037)
at org.testng.remote.AbstractRemoteTestNG.run(AbstractRemoteTestNG.java:115)
at org.testng.remote.RemoteTestNG.initAndRun(RemoteTestNG.java:251)
at org.testng.remote.RemoteTestNG.main(RemoteTestNG.java:77)
]]>
    </error>
  </testcase> <!-- SetUp -->
  <system-out/>
  <testcase name="InvalidCredentials" time="0.000" classname="com.firebase.test.tests.AutomationScripts">
    <skipped/>
  </testcase> <!-- InvalidCredentials -->
  <system-out/>
</testsuite> <!-- com.firebase.test.tests.AutomationScripts -->
